# JRE version: OpenJDK Runtime Environment Temurin-17.0.3+7 (17.0.3+7) (build 17.0.3+7)
# Java VM: OpenJDK 64-Bit Server VM Temurin-17.0.3+7 (17.0.3+7, mixed mode, sharing, tiered, compressed oops, compressed class ptrs, g1 gc, windows-amd64)
GC Precious Log:
 CPUs: 12 total, 12 available
 Memory: 32718M
 Large Page Support: Disabled
 NUMA Support: Disabled
 Compressed Oops: Enabled (Zero based)
 Heap Region Size: 4M
 Heap Min Capacity: 8M
 Heap Initial Capacity: 512M
 Heap Max Capacity: 8180M
 Pre-touch: Disabled
 Parallel Workers: 10
 Concurrent Workers: 3
 Concurrent Refinement Workers: 10
 Periodic GC: Disabled
Heap:
 garbage-first heap   total 700416K, used 359766K [0x0000000600c00000, 0x0000000800000000)
  region size 4096K, 56 young (229376K), 3 survivors (12288K)
 Metaspace       used 65783K, committed 66944K, reserved 1105920K
  class space    used 9971K, committed 10496K, reserved 1048576K
GC Heap History (20 events):
Event: 3.344 GC heap before
{Heap before GC invocations=8 (full 0):
 garbage-first heap   total 221184K, used 68436K [0x0000000600c00000, 0x0000000800000000)
  region size 4096K, 5 young (20480K), 4 survivors (16384K)
 Metaspace       used 26320K, committed 27072K, reserved 1073152K
  class space    used 3246K, committed 3584K, reserved 1048576K
}
Event: 3.350 GC heap after
{Heap after GC invocations=9 (full 0):
 garbage-first heap   total 221184K, used 65984K [0x0000000600c00000, 0x0000000800000000)
  region size 4096K, 1 young (4096K), 1 survivors (4096K)
 Metaspace       used 26320K, committed 27072K, reserved 1073152K
  class space    used 3246K, committed 3584K, reserved 1048576K
}
Event: 3.462 GC heap before
{Heap before GC invocations=9 (full 0):
 garbage-first heap   total 221184K, used 160192K [0x0000000600c00000, 0x0000000800000000)
  region size 4096K, 24 young (98304K), 1 survivors (4096K)
 Metaspace       used 26986K, committed 27840K, reserved 1073152K
  class space    used 3347K, committed 3712K, reserved 1048576K
}
Event: 3.464 GC heap after
{Heap after GC invocations=10 (full 0):
 garbage-first heap   total 221184K, used 65770K [0x0000000600c00000, 0x0000000800000000)
  region size 4096K, 1 young (4096K), 1 survivors (4096K)
 Metaspace       used 26986K, committed 27840K, reserved 1073152K
  class space    used 3347K, committed 3712K, reserved 1048576K
}
Event: 3.554 GC heap before
{Heap before GC invocations=10 (full 0):
 garbage-first heap   total 221184K, used 164074K [0x0000000600c00000, 0x0000000800000000)
  region size 4096K, 25 young (102400K), 1 survivors (4096K)
 Metaspace       used 27004K, committed 27840K, reserved 1073152K
  class space    used 3349K, committed 3712K, reserved 1048576K
}
Event: 3.556 GC heap after
{Heap after GC invocations=11 (full 0):
 garbage-first heap   total 442368K, used 65543K [0x0000000600c00000, 0x0000000800000000)
  region size 4096K, 1 young (4096K), 1 survivors (4096K)
 Metaspace       used 27004K, committed 27840K, reserved 1073152K
  class space    used 3349K, committed 3712K, reserved 1048576K
}
Event: 4.053 GC heap before
{Heap before GC invocations=11 (full 0):
 garbage-first heap   total 442368K, used 335879K [0x0000000600c00000, 0x0000000800000000)
  region size 4096K, 64 young (262144K), 1 survivors (4096K)
 Metaspace       used 31385K, committed 32256K, reserved 1081344K
  class space    used 3956K, committed 4352K, reserved 1048576K
}
Event: 4.056 GC heap after
{Heap after GC invocations=12 (full 0):
 garbage-first heap   total 442368K, used 81728K [0x0000000600c00000, 0x0000000800000000)
  region size 4096K, 2 young (8192K), 2 survivors (8192K)
 Metaspace       used 31385K, committed 32256K, reserved 1081344K
  class space    used 3956K, committed 4352K, reserved 1048576K
}
Event: 4.567 GC heap before
{Heap before GC invocations=12 (full 0):
 garbage-first heap   total 442368K, used 311104K [0x0000000600c00000, 0x0000000800000000)
  region size 4096K, 59 young (241664K), 2 survivors (8192K)
 Metaspace       used 35511K, committed 36416K, reserved 1081344K
  class space    used 4442K, committed 4864K, reserved 1048576K
}
Event: 4.571 GC heap after
{Heap after GC invocations=13 (full 0):
 garbage-first heap   total 442368K, used 86128K [0x0000000600c00000, 0x0000000800000000)
  region size 4096K, 3 young (12288K), 3 survivors (12288K)
 Metaspace       used 35511K, committed 36416K, reserved 1081344K
  class space    used 4442K, committed 4864K, reserved 1048576K
}
Event: 5.238 GC heap before
{Heap before GC invocations=14 (full 0):
 garbage-first heap   total 327680K, used 270448K [0x0000000600c00000, 0x0000000800000000)
  region size 4096K, 48 young (196608K), 3 survivors (12288K)
 Metaspace       used 41555K, committed 42496K, reserved 1089536K
  class space    used 5513K, committed 5888K, reserved 1048576K
}
Event: 5.250 GC heap after
{Heap after GC invocations=15 (full 0):
 garbage-first heap   total 327680K, used 100000K [0x0000000600c00000, 0x0000000800000000)
  region size 4096K, 6 young (24576K), 6 survivors (24576K)
 Metaspace       used 41555K, committed 42496K, reserved 1089536K
  class space    used 5513K, committed 5888K, reserved 1048576K
}
Event: 5.261 GC heap before
{Heap before GC invocations=15 (full 0):
 garbage-first heap   total 327680K, used 104096K [0x0000000600c00000, 0x0000000800000000)
  region size 4096K, 7 young (28672K), 6 survivors (24576K)
 Metaspace       used 41566K, committed 42560K, reserved 1089536K
  class space    used 5516K, committed 5952K, reserved 1048576K
}
Event: 5.273 GC heap after
{Heap after GC invocations=16 (full 0):
 garbage-first heap   total 327680K, used 102722K [0x0000000600c00000, 0x0000000800000000)
  region size 4096K, 1 young (4096K), 1 survivors (4096K)
 Metaspace       used 41566K, committed 42560K, reserved 1089536K
  class space    used 5516K, committed 5952K, reserved 1048576K
}
Event: 5.536 GC heap before
{Heap before GC invocations=16 (full 0):
 garbage-first heap   total 327680K, used 262466K [0x0000000600c00000, 0x0000000800000000)
  region size 4096K, 40 young (163840K), 1 survivors (4096K)
 Metaspace       used 42248K, committed 43200K, reserved 1089536K
  class space    used 5616K, committed 6016K, reserved 1048576K
}
Event: 5.545 GC heap after
{Heap after GC invocations=17 (full 0):
 garbage-first heap   total 327680K, used 115611K [0x0000000600c00000, 0x0000000800000000)
  region size 4096K, 5 young (20480K), 5 survivors (20480K)
 Metaspace       used 42248K, committed 43200K, reserved 1089536K
  class space    used 5616K, committed 6016K, reserved 1048576K
}
Event: 5.998 GC heap before
{Heap before GC invocations=18 (full 0):
 garbage-first heap   total 327680K, used 254875K [0x0000000600c00000, 0x0000000800000000)
  region size 4096K, 39 young (159744K), 5 survivors (20480K)
 Metaspace       used 47261K, committed 48256K, reserved 1097728K
  class space    used 6402K, committed 6848K, reserved 1048576K
}
Event: 6.013 GC heap after
{Heap after GC invocations=19 (full 0):
 garbage-first heap   total 327680K, used 135047K [0x0000000600c00000, 0x0000000800000000)
  region size 4096K, 5 young (20480K), 5 survivors (20480K)
 Metaspace       used 47261K, committed 48256K, reserved 1097728K
  class space    used 6402K, committed 6848K, reserved 1048576K
}
Event: 6.609 GC heap before
{Heap before GC invocations=19 (full 0):
 garbage-first heap   total 327680K, used 249735K [0x0000000600c00000, 0x0000000800000000)
  region size 4096K, 34 young (139264K), 5 survivors (20480K)
 Metaspace       used 55819K, committed 56896K, reserved 1097728K
  class space    used 8292K, committed 8768K, reserved 1048576K
}
Event: 6.621 GC heap after
{Heap after GC invocations=20 (full 0):
 garbage-first heap   total 700416K, used 146774K [0x0000000600c00000, 0x0000000800000000)
  region size 4096K, 3 young (12288K), 3 survivors (12288K)
 Metaspace       used 55819K, committed 56896K, reserved 1097728K
  class space    used 8292K, committed 8768K, reserved 1048576K
}

